# JRE version: OpenJDK Runtime Environment Microsoft-8035246 (17.0.8+7) (build 17.0.8+7-LTS)
# Java VM: OpenJDK 64-Bit Server VM Microsoft-8035246 (17.0.8+7-LTS, mixed mode, sharing, tiered, compressed oops, compressed class ptrs, g1 gc, windows-amd64)
GC Precious Log:
 CPUs: 4 total, 4 available
 Memory: 8080M
 Large Page Support: Disabled
 NUMA Support: Disabled
 Compressed Oops: Enabled (32-bit)
 Heap Region Size: 1M
 Heap Min Capacity: 8M
 Heap Initial Capacity: 128M
 Heap Max Capacity: 2G
 Pre-touch: Disabled
 Parallel Workers: 4
 Concurrent Workers: 1
 Concurrent Refinement Workers: 4
 Periodic GC: Disabled
Heap:
 garbage-first heap   total 323584K, used 223603K [0x0000000080000000, 0x0000000100000000)
  region size 1024K, 24 young (24576K), 9 survivors (9216K)
 Metaspace       used 101112K, committed 102464K, reserved 557056K
  class space    used 14129K, committed 14784K, reserved 425984K
GC Heap History (20 events):
Event: 26.186 GC heap before
{Heap before GC invocations=42 (full 0):
 garbage-first heap   total 161792K, used 123261K [0x0000000080000000, 0x0000000100000000)
  region size 1024K, 36 young (36864K), 1 survivors (1024K)
 Metaspace       used 77050K, committed 77824K, reserved 557056K
  class space    used 10735K, committed 11072K, reserved 425984K
}
Event: 26.192 GC heap after
{Heap after GC invocations=43 (full 0):
 garbage-first heap   total 323584K, used 89278K [0x0000000080000000, 0x0000000100000000)
  region size 1024K, 3 young (3072K), 3 survivors (3072K)
 Metaspace       used 77050K, committed 77824K, reserved 557056K
  class space    used 10735K, committed 11072K, reserved 425984K
}
Event: 31.640 GC heap before
{Heap before GC invocations=43 (full 0):
 garbage-first heap   total 323584K, used 213182K [0x0000000080000000, 0x0000000100000000)
  region size 1024K, 124 young (126976K), 3 survivors (3072K)
 Metaspace       used 83583K, committed 84416K, reserved 557056K
  class space    used 11807K, committed 12224K, reserved 425984K
}
Event: 31.649 GC heap after
{Heap after GC invocations=44 (full 0):
 garbage-first heap   total 323584K, used 95291K [0x0000000080000000, 0x0000000100000000)
  region size 1024K, 9 young (9216K), 9 survivors (9216K)
 Metaspace       used 83583K, committed 84416K, reserved 557056K
  class space    used 11807K, committed 12224K, reserved 425984K
}
Event: 33.256 GC heap before
{Heap before GC invocations=44 (full 0):
 garbage-first heap   total 323584K, used 243771K [0x0000000080000000, 0x0000000100000000)
  region size 1024K, 150 young (153600K), 9 survivors (9216K)
 Metaspace       used 89569K, committed 90624K, reserved 557056K
  class space    used 12622K, committed 13120K, reserved 425984K
}
Event: 33.275 GC heap after
{Heap after GC invocations=45 (full 0):
 garbage-first heap   total 323584K, used 120633K [0x0000000080000000, 0x0000000100000000)
  region size 1024K, 19 young (19456K), 19 survivors (19456K)
 Metaspace       used 89569K, committed 90624K, reserved 557056K
  class space    used 12622K, committed 13120K, reserved 425984K
}
Event: 35.491 GC heap before
{Heap before GC invocations=45 (full 0):
 garbage-first heap   total 323584K, used 245561K [0x0000000080000000, 0x0000000100000000)
  region size 1024K, 134 young (137216K), 19 survivors (19456K)
 Metaspace       used 91440K, committed 92672K, reserved 557056K
  class space    used 12857K, committed 13440K, reserved 425984K
}
Event: 35.521 GC heap after
{Heap after GC invocations=46 (full 0):
 garbage-first heap   total 323584K, used 158036K [0x0000000080000000, 0x0000000100000000)
  region size 1024K, 17 young (17408K), 17 survivors (17408K)
 Metaspace       used 91440K, committed 92672K, reserved 557056K
  class space    used 12857K, committed 13440K, reserved 425984K
}
Event: 36.799 GC heap before
{Heap before GC invocations=46 (full 0):
 garbage-first heap   total 323584K, used 244052K [0x0000000080000000, 0x0000000100000000)
  region size 1024K, 99 young (101376K), 17 survivors (17408K)
 Metaspace       used 93199K, committed 94400K, reserved 557056K
  class space    used 13076K, committed 13632K, reserved 425984K
}
Event: 36.820 GC heap after
{Heap after GC invocations=47 (full 0):
 garbage-first heap   total 323584K, used 175616K [0x0000000080000000, 0x0000000100000000)
  region size 1024K, 13 young (13312K), 13 survivors (13312K)
 Metaspace       used 93199K, committed 94400K, reserved 557056K
  class space    used 13076K, committed 13632K, reserved 425984K
}
Event: 37.809 GC heap before
{Heap before GC invocations=47 (full 0):
 garbage-first heap   total 323584K, used 248320K [0x0000000080000000, 0x0000000100000000)
  region size 1024K, 84 young (86016K), 13 survivors (13312K)
 Metaspace       used 97880K, committed 99200K, reserved 557056K
  class space    used 13757K, committed 14400K, reserved 425984K
}
Event: 37.833 GC heap after
{Heap after GC invocations=48 (full 0):
 garbage-first heap   total 323584K, used 182784K [0x0000000080000000, 0x0000000100000000)
  region size 1024K, 7 young (7168K), 7 survivors (7168K)
 Metaspace       used 97880K, committed 99200K, reserved 557056K
  class space    used 13757K, committed 14400K, reserved 425984K
}
Event: 38.478 GC heap before
{Heap before GC invocations=48 (full 0):
 garbage-first heap   total 323584K, used 255488K [0x0000000080000000, 0x0000000100000000)
  region size 1024K, 78 young (79872K), 7 survivors (7168K)
 Metaspace       used 99142K, committed 100480K, reserved 557056K
  class space    used 13883K, committed 14528K, reserved 425984K
}
Event: 38.502 GC heap after
{Heap after GC invocations=49 (full 0):
 garbage-first heap   total 323584K, used 192000K [0x0000000080000000, 0x0000000100000000)
  region size 1024K, 10 young (10240K), 10 survivors (10240K)
 Metaspace       used 99142K, committed 100480K, reserved 557056K
  class space    used 13883K, committed 14528K, reserved 425984K
}
Event: 38.988 GC heap before
{Heap before GC invocations=49 (full 0):
 garbage-first heap   total 323584K, used 258560K [0x0000000080000000, 0x0000000100000000)
  region size 1024K, 75 young (76800K), 10 survivors (10240K)
 Metaspace       used 99675K, committed 101056K, reserved 557056K
  class space    used 13937K, committed 14592K, reserved 425984K
}
Event: 39.005 GC heap after
{Heap after GC invocations=50 (full 0):
 garbage-first heap   total 323584K, used 200689K [0x0000000080000000, 0x0000000100000000)
  region size 1024K, 8 young (8192K), 8 survivors (8192K)
 Metaspace       used 99675K, committed 101056K, reserved 557056K
  class space    used 13937K, committed 14592K, reserved 425984K
}
Event: 39.674 GC heap before
{Heap before GC invocations=50 (full 0):
 garbage-first heap   total 323584K, used 263153K [0x0000000080000000, 0x0000000100000000)
  region size 1024K, 70 young (71680K), 8 survivors (8192K)
 Metaspace       used 100579K, committed 101952K, reserved 557056K
  class space    used 14060K, committed 14720K, reserved 425984K
}
Event: 39.690 GC heap after
{Heap after GC invocations=51 (full 0):
 garbage-first heap   total 323584K, used 205263K [0x0000000080000000, 0x0000000100000000)
  region size 1024K, 5 young (5120K), 5 survivors (5120K)
 Metaspace       used 100579K, committed 101952K, reserved 557056K
  class space    used 14060K, committed 14720K, reserved 425984K
}
Event: 40.472 GC heap before
{Heap before GC invocations=51 (full 0):
 garbage-first heap   total 323584K, used 265679K [0x0000000080000000, 0x0000000100000000)
  region size 1024K, 65 young (66560K), 5 survivors (5120K)
 Metaspace       used 101112K, committed 102464K, reserved 557056K
  class space    used 14129K, committed 14784K, reserved 425984K
}
Event: 40.484 GC heap after
{Heap after GC invocations=52 (full 0):
 garbage-first heap   total 323584K, used 210291K [0x0000000080000000, 0x0000000100000000)
  region size 1024K, 9 young (9216K), 9 survivors (9216K)
 Metaspace       used 101112K, committed 102464K, reserved 557056K
  class space    used 14129K, committed 14784K, reserved 425984K
}

