# JRE version: OpenJDK Runtime Environment Microsoft-8035246 (17.0.8+7) (build 17.0.8+7-LTS)
# Java VM: OpenJDK 64-Bit Server VM Microsoft-8035246 (17.0.8+7-LTS, mixed mode, sharing, tiered, compressed oops, compressed class ptrs, g1 gc, windows-amd64)
GC Precious Log:
 CPUs: 4 total, 4 available
 Memory: 8080M
 Large Page Support: Disabled
 NUMA Support: Disabled
 Compressed Oops: Enabled (32-bit)
 Heap Region Size: 1M
 Heap Min Capacity: 8M
 Heap Initial Capacity: 128M
 Heap Max Capacity: 2G
 Pre-touch: Disabled
 Parallel Workers: 4
 Concurrent Workers: 1
 Concurrent Refinement Workers: 4
 Periodic GC: Disabled
Heap:
 garbage-first heap   total 227328K, used 167511K [0x0000000080000000, 0x0000000100000000)
  region size 1024K, 10 young (10240K), 5 survivors (5120K)
 Metaspace       used 98766K, committed 99840K, reserved 557056K
  class space    used 13811K, committed 14336K, reserved 425984K
GC Heap History (20 events):
Event: 35.619 GC heap before
{Heap before GC invocations=39 (full 0):
 garbage-first heap   total 196608K, used 159755K [0x0000000080000000, 0x0000000100000000)
  region size 1024K, 74 young (75776K), 8 survivors (8192K)
 Metaspace       used 86555K, committed 87296K, reserved 557056K
  class space    used 12190K, committed 12544K, reserved 425984K
}
Event: 35.631 GC heap after
{Heap after GC invocations=40 (full 0):
 garbage-first heap   total 196608K, used 98947K [0x0000000080000000, 0x0000000100000000)
  region size 1024K, 8 young (8192K), 8 survivors (8192K)
 Metaspace       used 86555K, committed 87296K, reserved 557056K
  class space    used 12190K, committed 12544K, reserved 425984K
}
Event: 38.389 GC heap before
{Heap before GC invocations=40 (full 0):
 garbage-first heap   total 196608K, used 166531K [0x0000000080000000, 0x0000000100000000)
  region size 1024K, 69 young (70656K), 8 survivors (8192K)
 Metaspace       used 89487K, committed 90368K, reserved 557056K
  class space    used 12572K, committed 12992K, reserved 425984K
}
Event: 38.402 GC heap after
{Heap after GC invocations=41 (full 0):
 garbage-first heap   total 196608K, used 120412K [0x0000000080000000, 0x0000000100000000)
  region size 1024K, 9 young (9216K), 9 survivors (9216K)
 Metaspace       used 89487K, committed 90368K, reserved 557056K
  class space    used 12572K, committed 12992K, reserved 425984K
}
Event: 39.161 GC heap before
{Heap before GC invocations=41 (full 0):
 garbage-first heap   total 196608K, used 160348K [0x0000000080000000, 0x0000000100000000)
  region size 1024K, 47 young (48128K), 9 survivors (9216K)
 Metaspace       used 90127K, committed 90944K, reserved 557056K
  class space    used 12654K, committed 13056K, reserved 425984K
}
Event: 39.174 GC heap after
{Heap after GC invocations=42 (full 0):
 garbage-first heap   total 196608K, used 131019K [0x0000000080000000, 0x0000000100000000)
  region size 1024K, 6 young (6144K), 6 survivors (6144K)
 Metaspace       used 90127K, committed 90944K, reserved 557056K
  class space    used 12654K, committed 13056K, reserved 425984K
}
Event: 40.486 GC heap before
{Heap before GC invocations=43 (full 0):
 garbage-first heap   total 227328K, used 160715K [0x0000000080000000, 0x0000000100000000)
  region size 1024K, 33 young (33792K), 6 survivors (6144K)
 Metaspace       used 90790K, committed 91712K, reserved 557056K
  class space    used 12741K, committed 13184K, reserved 425984K
}
Event: 40.499 GC heap after
{Heap after GC invocations=44 (full 0):
 garbage-first heap   total 227328K, used 140046K [0x0000000080000000, 0x0000000100000000)
  region size 1024K, 5 young (5120K), 5 survivors (5120K)
 Metaspace       used 90790K, committed 91712K, reserved 557056K
  class space    used 12741K, committed 13184K, reserved 425984K
}
Event: 41.808 GC heap before
{Heap before GC invocations=44 (full 0):
 garbage-first heap   total 227328K, used 182030K [0x0000000080000000, 0x0000000100000000)
  region size 1024K, 46 young (47104K), 5 survivors (5120K)
 Metaspace       used 93941K, committed 94848K, reserved 557056K
  class space    used 13236K, committed 13632K, reserved 425984K
}
Event: 41.816 GC heap after
{Heap after GC invocations=45 (full 0):
 garbage-first heap   total 227328K, used 142609K [0x0000000080000000, 0x0000000100000000)
  region size 1024K, 2 young (2048K), 2 survivors (2048K)
 Metaspace       used 93941K, committed 94848K, reserved 557056K
  class space    used 13236K, committed 13632K, reserved 425984K
}
Event: 42.759 GC heap before
{Heap before GC invocations=45 (full 0):
 garbage-first heap   total 227328K, used 185617K [0x0000000080000000, 0x0000000100000000)
  region size 1024K, 44 young (45056K), 2 survivors (2048K)
 Metaspace       used 96203K, committed 97152K, reserved 557056K
  class space    used 13520K, committed 14016K, reserved 425984K
}
Event: 42.775 GC heap after
{Heap after GC invocations=46 (full 0):
 garbage-first heap   total 227328K, used 147364K [0x0000000080000000, 0x0000000100000000)
  region size 1024K, 6 young (6144K), 6 survivors (6144K)
 Metaspace       used 96203K, committed 97152K, reserved 557056K
  class space    used 13520K, committed 14016K, reserved 425984K
}
Event: 46.009 GC heap before
{Heap before GC invocations=46 (full 0):
 garbage-first heap   total 227328K, used 187300K [0x0000000080000000, 0x0000000100000000)
  region size 1024K, 45 young (46080K), 6 survivors (6144K)
 Metaspace       used 97082K, committed 98048K, reserved 557056K
  class space    used 13607K, committed 14080K, reserved 425984K
}
Event: 46.020 GC heap after
{Heap after GC invocations=47 (full 0):
 garbage-first heap   total 227328K, used 151744K [0x0000000080000000, 0x0000000100000000)
  region size 1024K, 5 young (5120K), 5 survivors (5120K)
 Metaspace       used 97082K, committed 98048K, reserved 557056K
  class space    used 13607K, committed 14080K, reserved 425984K
}
Event: 47.363 GC heap before
{Heap before GC invocations=47 (full 0):
 garbage-first heap   total 227328K, used 188608K [0x0000000080000000, 0x0000000100000000)
  region size 1024K, 41 young (41984K), 5 survivors (5120K)
 Metaspace       used 97479K, committed 98432K, reserved 557056K
  class space    used 13644K, committed 14080K, reserved 425984K
}
Event: 47.372 GC heap after
{Heap after GC invocations=48 (full 0):
 garbage-first heap   total 227328K, used 156051K [0x0000000080000000, 0x0000000100000000)
  region size 1024K, 5 young (5120K), 5 survivors (5120K)
 Metaspace       used 97479K, committed 98432K, reserved 557056K
  class space    used 13644K, committed 14080K, reserved 425984K
}
Event: 48.529 GC heap before
{Heap before GC invocations=48 (full 0):
 garbage-first heap   total 227328K, used 187795K [0x0000000080000000, 0x0000000100000000)
  region size 1024K, 37 young (37888K), 5 survivors (5120K)
 Metaspace       used 98270K, committed 99328K, reserved 557056K
  class space    used 13751K, committed 14272K, reserved 425984K
}
Event: 48.541 GC heap after
{Heap after GC invocations=49 (full 0):
 garbage-first heap   total 227328K, used 158878K [0x0000000080000000, 0x0000000100000000)
  region size 1024K, 3 young (3072K), 3 survivors (3072K)
 Metaspace       used 98270K, committed 99328K, reserved 557056K
  class space    used 13751K, committed 14272K, reserved 425984K
}
Event: 49.623 GC heap before
{Heap before GC invocations=49 (full 0):
 garbage-first heap   total 227328K, used 190622K [0x0000000080000000, 0x0000000100000000)
  region size 1024K, 35 young (35840K), 3 survivors (3072K)
 Metaspace       used 98698K, committed 99712K, reserved 557056K
  class space    used 13806K, committed 14336K, reserved 425984K
}
Event: 49.629 GC heap after
{Heap after GC invocations=50 (full 0):
 garbage-first heap   total 227328K, used 160056K [0x0000000080000000, 0x0000000100000000)
  region size 1024K, 5 young (5120K), 5 survivors (5120K)
 Metaspace       used 98698K, committed 99712K, reserved 557056K
  class space    used 13806K, committed 14336K, reserved 425984K
}

